[38;5;4mℹ Running workflow 'all'[0m
[1m
================================= preprocess =================================[0m
Running command: /home/joberant/nlp_fall_2021/eyalhorowicz/conda_env/bin/python scripts/preprocess.py assets/cyber_attrs_training.jsonl corpus/cyber_attrs_training.spacy
converted 0 sentences
converted 10000 sentences
converted 20000 sentences
converted 30000 sentences
converted 40000 sentences
converted 50000 sentences
converted 60000 sentences
converted 70000 sentences
converted 80000 sentences
converted 90000 sentences
converted 100000 sentences
converted 110000 sentences
converted 120000 sentences
converted 130000 sentences
converted 140000 sentences
converted 150000 sentences
converted 160000 sentences
converted 170000 sentences
converted 180000 sentences
converted 190000 sentences
converted 200000 sentences
converted 210000 sentences
converted 220000 sentences
converted 230000 sentences
converted 240000 sentences
converted 250000 sentences
converted 260000 sentences
converted 270000 sentences
converted 280000 sentences
converted 290000 sentences
converted 300000 sentences
converted 310000 sentences
converted 320000 sentences
converted 330000 sentences
converted 340000 sentences
Processed 347810 documents: cyber_attrs_training.spacy
Running command: /home/joberant/nlp_fall_2021/eyalhorowicz/conda_env/bin/python scripts/preprocess.py assets/cyber_attrs_eval.jsonl corpus/cyber_attrs_eval.spacy
converted 0 sentences
converted 10000 sentences
converted 20000 sentences
converted 30000 sentences
converted 40000 sentences
converted 50000 sentences
converted 60000 sentences
converted 70000 sentences
converted 80000 sentences
converted 90000 sentences
converted 100000 sentences
converted 110000 sentences
converted 120000 sentences
converted 130000 sentences
converted 140000 sentences
converted 150000 sentences
converted 160000 sentences
converted 170000 sentences
converted 180000 sentences
converted 190000 sentences
converted 200000 sentences
converted 210000 sentences
converted 220000 sentences
converted 230000 sentences
converted 240000 sentences
converted 250000 sentences
converted 260000 sentences
converted 270000 sentences
converted 280000 sentences
converted 290000 sentences
converted 300000 sentences
Processed 309914 documents: cyber_attrs_eval.spacy
[1m
=================================== train ===================================[0m
Running command: /home/joberant/nlp_fall_2021/eyalhorowicz/conda_env/bin/python -m spacy train configs/config.cfg --output training/ --paths.train corpus/cyber_attrs_training.spacy --paths.dev corpus/cyber_attrs_eval.spacy
[38;5;4mℹ Using CPU[0m
[38;5;4mℹ To switch to GPU 0, use the option: --gpu-id 0[0m
[1m
=========================== Initializing pipeline ===========================[0m
[38;5;2m✔ Initialized pipeline[0m
[1m
============================= Training pipeline =============================[0m
[38;5;4mℹ Pipeline: ['transformer', 'ner'][0m
[38;5;4mℹ Initial learn rate: 0.0[0m
E    #       LOSS TRANS...  LOSS NER  ENTS_F  ENTS_P  ENTS_R  SCORE 
---  ------  -------------  --------  ------  ------  ------  ------
  0       0          82.79     98.33    0.42    0.21   26.08    0.00
  0     200       29010.20  33115.52    0.86    0.54    2.05    0.01
  0     400         917.48   5918.25   18.83   11.27   57.21    0.19
  0     600         314.11   5074.76   23.88   14.51   67.40    0.24
  0     800         301.06   5520.59   24.64   14.93   70.56    0.25
  0    1000         183.58   4790.35   25.98   15.71   75.08    0.26
  0    1200         187.93   4639.45   25.96   15.75   73.63    0.26
  0    1400         174.07   4832.32   26.53   16.10   75.27    0.27
  0    1600         121.87   4384.87   26.41   16.06   74.21    0.26
  0    1800         162.28   4327.73   26.42   16.02   75.37    0.26
  0    2000         123.98   4842.54   26.90   16.36   75.69    0.27
  0    2200         203.48   4666.68   27.45   16.63   78.67    0.27
  0    2400         190.00   4190.86   27.28   16.47   79.46    0.27
  0    2600         129.05   4185.42   27.46   16.66   78.15    0.27
  0    2800         190.81   4318.68   27.00   16.39   76.58    0.27
  0    3000         125.81   4532.96   27.83   16.83   80.32    0.28
  0    3200         117.52   4183.50   28.34   17.15   81.64    0.28
